<?xml version="1.0" encoding="UTF-8"?>
<!-- Generated by org.testng.reporters.JUnitReportReporter -->
<testsuite skipped="0" hostname="Musa-Air.attlocal.net" name="com.hrms.testcases.LoginTest" tests="1" failures="0" timestamp="2020-09-10T19:59:37 EDT" time="15.008" errors="0">
  <testcase name="validLogin" time="15.008" classname="com.hrms.testcases.LoginTest"/>
  <system-out/>
</testsuite> <!-- com.hrms.testcases.LoginTest -->
